<?xml version="1.0" encoding="UTF-8"?>
<!-- Generated by org.testng.reporters.JUnitReportReporter -->
<testsuite hostname="SACHIN-LAPTOP" failures="0" tests="4" name="com.FacebookLive.FacebookLoginTest" time="12.191" errors="0" timestamp="2022-07-10T23:04:21 IST" skipped="0">
  <testcase classname="com.FacebookLive.FacebookLoginTest" name="enterPasswordTest" time="2.182"/>
  <system-out/>
  <testcase classname="com.FacebookLive.FacebookLoginTest" name="clickOnSubmitButtonTest" time="2.088"/>
  <system-out/>
  <testcase classname="com.FacebookLive.FacebookLoginTest" name="enterUserIdTest" time="2.206"/>
  <system-out/>
  <testcase classname="com.FacebookLive.FacebookLoginTest" name="validateNavigationToHomePage" time="5.715"/>
  <system-out/>
</testsuite> <!-- com.FacebookLive.FacebookLoginTest -->
