<?xml version="1.0" encoding="UTF-8"?>
<!-- Generated by org.testng.reporters.JUnitReportReporter -->
<testsuite hostname="SACHIN-LAPTOP" failures="0" tests="2" name="astasoft.flipkart.TestClasses.Sample1" time="0.007" errors="0" timestamp="2022-10-18T21:04:41 IST" skipped="1">
  <testcase classname="astasoft.flipkart.TestClasses.Sample1" name="testMethod4" time="0.007"/>
  <system-out/>
  <testcase classname="astasoft.flipkart.TestClasses.Sample1" name="testMethod3">
    <skipped/>
  </testcase> <!-- testMethod3 -->
  <system-out/>
</testsuite> <!-- astasoft.flipkart.TestClasses.Sample1 -->
