<?xml version="1.0" encoding="UTF-8"?>
<!-- Generated by org.testng.reporters.JUnitReportReporter -->
<testsuite hostname="SACHIN-LAPTOP" failures="0" tests="3" name="astasoft.flipkart.TestClasses.Sample" time="0.025" errors="0" timestamp="2022-10-21T19:59:40 IST" skipped="0">
  <testcase classname="astasoft.flipkart.TestClasses.Sample" name="testMethodB" time="0.005"/>
  <system-out/>
  <testcase classname="astasoft.flipkart.TestClasses.Sample" name="testMethodC" time="0.004"/>
  <system-out/>
  <testcase classname="astasoft.flipkart.TestClasses.Sample" name="testMethodA" time="0.016"/>
  <system-out/>
</testsuite> <!-- astasoft.flipkart.TestClasses.Sample -->
