<?xml version="1.0" encoding="UTF-8"?>
<!-- Generated by org.testng.reporters.JUnitReportReporter -->
<testsuite hostname="SACHIN-LAPTOP" failures="0" tests="3" name="astasoft.flipkart.TestClasses.Sample4" time="30.163" errors="0" timestamp="2022-10-21T19:59:40 IST" skipped="0">
  <testcase classname="astasoft.flipkart.TestClasses.Sample4" name="testMethod13" time="6.746"/>
  <system-out/>
  <testcase classname="astasoft.flipkart.TestClasses.Sample4" name="testMethod14" time="0.029"/>
  <system-out/>
  <testcase classname="astasoft.flipkart.TestClasses.Sample4" name="testMethod12" time="23.388"/>
  <system-out>
    <![CDATA[I am method 12]]>
  </system-out>
</testsuite> <!-- astasoft.flipkart.TestClasses.Sample4 -->
